<wxlog>
  <threadId>#main</threadId>
  <timestamp>20:37:59:3421</timestamp>
  <msgtype>MsgWXLogLaunch</msgtype>
  <content>[The WXLogger is launched!]</content>
  <stackFrames>
[CALL STACK][0]: Method:WXTextureTools.Application.Options.OptionsConfig..ctor; File:.0
[CALL STACK][1]: Method:WXTextureTools.Application.App..ctor; File:.0
[CALL STACK][2]: Method:WXTextureTools.Program.Main; File:.0
</stackFrames>
</wxlog>
<wxlog>
  <threadId>#main</threadId>
  <timestamp>20:37:59:3561</timestamp>
  <msgtype>MsgMixture</msgtype>
  <content>string|String[]
OptionsConfig,-option=fbDecompress
-classDataPath=D:/GameDevelop/GamePorject/Group/Shadow Of Dawn/Assets\WX-WASM-SDK-V2\Editor/TextureEditor/classdata.tpk
-dataDir=D:/GameDevelop/GamePorject/Group/Shadow Of Dawn/TextToolDatas
-sourcePath=D:/GameDevelop/GamePorject/Group/Shadow Of Dawn/TextToolDatas\slim\backup.txt
</content>
  <stackFrames>
[CALL STACK][0]: Method:WXTextureTools.Application.App..ctor; File:.0
[CALL STACK][1]: Method:WXTextureTools.Program.Main; File:.0
</stackFrames>
</wxlog>
<wxlog>
  <threadId>#main</threadId>
  <timestamp>20:37:59:3576</timestamp>
  <msgtype>MsgMixture</msgtype>
  <content>string|string
UnityBridgeHandler - SetDataDir,D:/GameDevelop/GamePorject/Group/Shadow Of Dawn/TextToolDatas\temp</content>
  <stackFrames>
[CALL STACK][0]: Method:WXTextureTools.Program.Main; File:.0
</stackFrames>
</wxlog>
<wxlog>
  <threadId>#main</threadId>
  <timestamp>20:37:59:3632</timestamp>
  <msgtype>MsgMixture</msgtype>
  <content>string|string
BundlePicRecord initFile,D:/GameDevelop/GamePorject/Group/Shadow Of Dawn/TextToolDatas\FIRSTBUNDLETEXTURES.json</content>
  <stackFrames>
[CALL STACK][0]: Method:WXTextureTools.Application.AppCmdExec.WXFirstBundleDecompressExec.todo; File:.0
[CALL STACK][1]: Method:WXTextureTools.Application.App.process; File:.0
[CALL STACK][2]: Method:WXTextureTools.Application.App..ctor; File:.0
</stackFrames>
</wxlog>
<wxlog>
  <threadId>#main</threadId>
  <timestamp>20:37:59:3632</timestamp>
  <msgtype>MsgString</msgtype>
  <content>BundlePicRecord initFile File</content>
  <stackFrames>
[CALL STACK][0]: Method:WXTextureTools.Application.AppCmdExec.WXFirstBundleDecompressExec.todo; File:.0
[CALL STACK][1]: Method:WXTextureTools.Application.App.process; File:.0
[CALL STACK][2]: Method:WXTextureTools.Application.App..ctor; File:.0
</stackFrames>
</wxlog>
<wxlog>
  <threadId>#main</threadId>
  <timestamp>20:37:59:3642</timestamp>
  <msgtype>MsgMixture</msgtype>
  <content>string|string
BundlePicRecord readAllRecord,</content>
  <stackFrames>
[CALL STACK][0]: Method:WXTextureTools.Application.App.process; File:.0
[CALL STACK][1]: Method:WXTextureTools.Application.App..ctor; File:.0
[CALL STACK][2]: Method:WXTextureTools.Program.Main; File:.0
</stackFrames>
</wxlog>
<wxlog>
  <threadId>#main</threadId>
  <timestamp>20:38:00:5353</timestamp>
  <msgtype>MsgMixture</msgtype>
  <content>string|string
BundlePicRecord save,{"timestamp":0,"files":[{"path":"D:/GameDevelop/GamePorject/Group/Shadow Of Dawn/TextToolDatas\\slim\\backup.txt","dstPath":null,"md5":"1e01d6eb2c2ce30a","textures":[{"width":128,"height":128,"name":"Soft.c1d63e75","astc":null,"limittype":null},{"width":128,"height":58,"name":"UnityWatermark-small.d7411008","astc":null,"limittype":"1"},{"width":74,"height":71,"name":"EscToExit_back.21b1540e","astc":null,"limittype":"1"},{"width":267,"height":20,"name":"EscToExit_Text.2e1ee8b4","astc":null,"limittype":"1"},{"width":2048,"height":1024,"name":"UnitySplash-cube.84543fde","astc":null,"limittype":null},{"width":512,"height":94,"name":"UnityWatermark-trial-big.66f46ac8","astc":null,"limittype":"1"},{"width":76,"height":14,"name":"UnityWatermark-trial.60b4e34e","astc":null,"limittype":"1"},{"width":127,"height":17,"name":"UnityWatermark-beta.dd37c61b","astc":null,"limittype":"1"},{"width":148,"height":17,"name":"UnityWatermark-edu.a8c472ae","astc":null,"limittype":"1"},{"width":115,"height":17,"name":"UnityWatermark-dev.ae1fc174","astc":null,"limittype":"1"},{"width":64,"height":64,"name":"WarningSign.59b8d955","astc":null,"limittype":null},{"width":87,"height":13,"name":"UnityWatermark-proto.5084375a","astc":null,"limittype":"1"},{"width":66,"height":17,"name":"UnityWatermarkPlugin-beta.52403834","astc":null,"limittype":"1"},{"width":12,"height":12,"name":"box.643f5df8","astc":null,"limittype":null},{"width":12,"height":12,"name":"button%20active.c15aedb7","astc":null,"limittype":null},{"width":12,"height":12,"name":"button%20hover.42efb15e","astc":null,"limittype":null},{"width":12,"height":12,"name":"button%20on%20hover.2c40c4b8","astc":null,"limittype":null},{"width":12,"height":12,"name":"button%20on.7ff0e5a1","astc":null,"limittype":null},{"width":12,"height":12,"name":"button.bdec6b82","astc":null,"limittype":null},{"width":12,"height":12,"name":"horizontal%20scrollbar%20thumb.4137b46d","astc":null,"limittype":null},{"width":18,"height":15,"name":"horizontal%20scrollbar.0ac38291","astc":null,"limittype":"1"},{"width":8,"height":7,"name":"horizontalslider.722f02b2","astc":null,"limittype":"1"},{"width":8,"height":12,"name":"slider%20thumb%20active.168a62a9","astc":null,"limittype":null},{"width":8,"height":12,"name":"slider%20thumb.a7acef71","astc":null,"limittype":null},{"width":8,"height":12,"name":"slidert%20humb%20hover.0c248117","astc":null,"limittype":null},{"width":14,"height":14,"name":"toggle%20active.e32a2ca9","astc":null,"limittype":"1"},{"width":14,"height":14,"name":"toggle%20hover.614620f6","astc":null,"limittype":"1"},{"width":14,"height":14,"name":"toggle%20on%20hover.528d6b34","astc":null,"limittype":"1"},{"width":14,"height":14,"name":"toggle%20on.1f99750a","astc":null,"limittype":"1"},{"width":14,"height":14,"name":"toggle%20on%20active.9d52caeb","astc":null,"limittype":"1"},{"width":14,"height":14,"name":"toggle.6eafbcb0","astc":null,"limittype":"1"},{"width":12,"height":12,"name":"vertical%20scrollbar%20thumb.7ba97313","astc":null,"limittype":null},{"width":15,"height":18,"name":"vertical%20scrollbar.d38290f1","astc":null,"limittype":"1"},{"width":7,"height":8,"name":"verticalslider.58266f5f","astc":null,"limittype":"1"},{"width":17,"height":27,"name":"window%20on.38a76040","astc":null,"limittype":"1"},{"width":17,"height":27,"name":"window.a62d1258","astc":null,"limittype":"1"},{"width":12,"height":12,"name":"textfield.a75d69ec","astc":null,"limittype":null},{"width":12,"height":12,"name":"textfield%20on.f2c2fb5c","astc":null,"limittype":null},{"width":12,"height":12,"name":"textfield%20hover.8c7ae9d8","astc":null,"limittype":null},{"width":32,"height":32,"name":"UnitySplash-HolographicTrackingLoss.cbf38e69","astc":null,"limittype":null},{"width":64,"height":64,"name":"Default-Particle.88bd09bf","astc":null,"limittype":null},{"width":32,"height":32,"name":"UISprite.b48f75d0","astc":null,"limittype":null},{"width":32,"height":32,"name":"Background.665e03a7","astc":null,"limittype":null},{"width":64,"height":64,"name":"Knob.dadd3d45","astc":null,"limittype":null},{"width":32,"height":32,"name":"UIMask.09363183","astc":null,"limittype":null},{"width":1169,"height":390,"name":"HangingReturnButton.46c050b6","astc":null,"limittype":"1"},{"width":32,"height":32,"name":"x.3eca6a8e","astc":null,"limittype":null},{"width":560,"height":80,"name":"universal_panel_1.7511b9df","astc":null,"limittype":null},{"width":128,"height":128,"name":"User.4baf3a13","astc":null,"limittype":null},{"width":64,"height":64,"name":"help.04b83806","astc":null,"limittype":null},{"width":60,"height":60,"name":"button_outlined_hover.ff4b5d9b","astc":null,"limittype":null},{"width":480,"height":30,"name":"bg.17dd033c","astc":null,"limittype":"1"},{"width":1024,"height":1024,"name":"Robot_Color.46ad7f76","astc":null,"limittype":null},{"width":2048,"height":104,"name":"EndBar.1ac0c4b6","astc":null,"limittype":null},{"width":2048,"height":256,"name":"HangingDialogText_02.860f64d3","astc":null,"limittype":null},{"width":64,"height":64,"name":"ammunition.cf96404e","astc":null,"limittype":null},{"width":1171,"height":391,"name":"ReturnButton.40996427","astc":null,"limittype":"1"},{"width":1169,"height":390,"name":"HangingReviewButton.d3601c38","astc":null,"limittype":"1"},{"width":10,"height":250,"name":"scrollbar.c977f334","astc":null,"limittype":"1"},{"width":473,"height":1407,"name":"CharacterImage.26af921c","astc":null,"limittype":"1"},{"width":60,"height":60,"name":"button_outlined.6c80719e","astc":null,"limittype":null},{"width":2048,"height":387,"name":"DialogBackground_01.c60506da","astc":null,"limittype":"1"},{"width":668,"height":98,"name":"title_bg.d230ed84","astc":null,"limittype":"1"},{"width":2048,"height":258,"name":"DialogBackground_02.b00c43fe","astc":null,"limittype":"1"},{"width":1564,"height":394,"name":"NameCard.cae80f61","astc":null,"limittype":"1"},{"width":1169,"height":389,"name":"ReviewButton.ad381ca2","astc":null,"limittype":"1"},{"width":256,"height":256,"name":"user.7da5894a","astc":null,"limittype":null},{"width":1024,"height":1024,"name":"Robot_Normal.94591d94","astc":null,"limittype":null},{"width":350,"height":60,"name":"button_overlay.ee62837e","astc":null,"limittype":"1"},{"width":256,"height":256,"name":"Owner.f23eead4","astc":null,"limittype":null},{"width":32,"height":32,"name":"FlyerAsteroidEmissive.f571b3f7","astc":null,"limittype":null},{"width":350,"height":60,"name":"button.729b3f56","astc":null,"limittype":"1"},{"width":2048,"height":1153,"name":"DramaPerformBackground.e60b057c","astc":null,"limittype":"1"},{"width":140,"height":140,"name":"fill.529055b8","astc":null,"limittype":null},{"width":512,"height":512,"name":"EmojiOne.9438d40e","astc":null,"limittype":null},{"width":2048,"height":1152,"name":"ReviewBackground.aaebf59f","astc":null,"limittype":null},{"width":643,"height":578,"name":"window.8a860fc7","astc":null,"limittype":"1"},{"width":418,"height":282,"name":"universal_panel.2db63832","astc":null,"limittype":"1"},{"width":640,"height":2,"name":"separator.c7e42dce","astc":null,"limittype":"1"},{"width":1870,"height":1052,"name":"ReviewTextMask.12828fcf","astc":null,"limittype":"1"},{"width":700,"height":120,"name":"button.455be159","astc":null,"limittype":null},{"width":1024,"height":1024,"name":"LiberationSans%20SDF%20Atlas.ac9f1c83","astc":null,"limittype":null}]}]}</content>
  <stackFrames>
[CALL STACK][0]: Method:WXTextureTools.Application.App.process; File:.0
[CALL STACK][1]: Method:WXTextureTools.Application.App..ctor; File:.0
[CALL STACK][2]: Method:WXTextureTools.Program.Main; File:.0
</stackFrames>
</wxlog>
